<?xml version="1.0" encoding="UTF-8"?>
<!-- Generated by org.testng.reporters.JUnitReportReporter -->
<testsuite skipped="0" hostname="Xiho-Icy" name="com.edu.test.FrontEndMyMovies" tests="1" failures="0" timestamp="01 十一月 2017 00:53:15 GMT" time="13.306" errors="0">
  <testcase name="testFrontLogin" time="13.306" classname="com.edu.test.FrontEndMyMovies"/>
</testsuite> <!-- com.edu.test.FrontEndMyMovies -->
