<?xml version="1.0" encoding="UTF-8"?>
<!-- Generated by org.testng.reporters.JUnitReportReporter -->
<testsuite skipped="0" hostname="lhz" name="com.webtest.util.Test1" tests="1" failures="0" timestamp="31 十月 2017 09:31:06 GMT" time="0.978" errors="0">
  <testcase name="t1" time="0.978" classname="com.webtest.util.Test1"/>
</testsuite> <!-- com.webtest.util.Test1 -->
