<?xml version="1.0" encoding="UTF-8"?>
<!-- Generated by org.testng.reporters.JUnitReportReporter -->
<testsuite skipped="0" hostname="lhz" name="com.edu.test.BaiduTest" tests="1" failures="0" timestamp="31 十月 2017 09:47:48 GMT" time="17.767" errors="0">
  <testcase name="testBaidu" time="17.767" classname="com.edu.test.BaiduTest"/>
</testsuite> <!-- com.edu.test.BaiduTest -->
